<?xml version="1.0" encoding="utf-8"?><testsuites name="pytest tests"><testsuite name="pytest" errors="0" failures="0" skipped="0" tests="17" time="5.014" timestamp="2026-01-02T06:13:18.769234+00:00" hostname="agent-env-be00a38a-70ed-401a-b558-1fdd16a2ddeb"><testcase classname="tests.test_principal_supervisor_apis.TestPrincipalLogin" name="test_principal_login_success" time="0.295" /><testcase classname="tests.test_principal_supervisor_apis.TestPrincipalLogin" name="test_principal_login_invalid_credentials" time="0.074" /><testcase classname="tests.test_principal_supervisor_apis.TestPrincipalDashboard" name="test_dashboard_loads" time="0.302" /><testcase classname="tests.test_principal_supervisor_apis.TestSessionRecordingsAPI" name="test_get_session_recordings" time="0.303" /><testcase classname="tests.test_principal_supervisor_apis.TestSessionRecordingsAPI" name="test_get_session_recordings_with_filter" time="0.297" /><testcase classname="tests.test_principal_supervisor_apis.TestDailyReportsAPI" name="test_get_daily_reports" time="0.301" /><testcase classname="tests.test_principal_supervisor_apis.TestDailyReportsAPI" name="test_get_daily_reports_with_filter" time="0.303" /><testcase classname="tests.test_principal_supervisor_apis.TestBusinessSummaryAPI" name="test_get_business_summary" time="0.296" /><testcase classname="tests.test_principal_supervisor_apis.TestObserverPaymentsAPI" name="test_get_observer_payments" time="0.303" /><testcase classname="tests.test_principal_supervisor_apis.TestObserverPaymentsAPI" name="test_get_observer_payments_with_month" time="0.300" /><testcase classname="tests.test_principal_supervisor_apis.TestPrincipalEarningsAPI" name="test_get_my_earnings" time="0.297" /><testcase classname="tests.test_principal_supervisor_apis.TestAdminPayRatesAPI" name="test_get_pay_rates" time="0.302" /><testcase classname="tests.test_principal_supervisor_apis.TestExistingPrincipalAPIs" name="test_get_students" time="0.293" /><testcase classname="tests.test_principal_supervisor_apis.TestExistingPrincipalAPIs" name="test_get_observers" time="0.291" /><testcase classname="tests.test_principal_supervisor_apis.TestExistingPrincipalAPIs" name="test_get_analytics" time="0.315" /><testcase classname="tests.test_principal_supervisor_apis.TestExistingPrincipalAPIs" name="test_get_consultations" time="0.305" /><testcase classname="tests.test_principal_supervisor_apis.TestExistingPrincipalAPIs" name="test_get_observer_performance" time="0.338" /></testsuite></testsuites>