<?xml version="1.0" encoding="utf-8"?><testsuites name="pytest tests"><testsuite name="pytest" errors="0" failures="0" skipped="0" tests="13" time="4.082" timestamp="2026-01-02T05:46:28.133178+00:00" hostname="agent-env-be00a38a-70ed-401a-b558-1fdd16a2ddeb"><testcase classname="tests.test_principal_apis.TestPrincipalAuth" name="test_principal_login_success" time="0.304" /><testcase classname="tests.test_principal_apis.TestPrincipalAuth" name="test_principal_login_invalid_credentials" time="0.077" /><testcase classname="tests.test_principal_apis.TestPrincipalDashboard" name="test_get_dashboard" time="0.306" /><testcase classname="tests.test_principal_apis.TestStudentObserverAssignment" name="test_get_all_students" time="0.296" /><testcase classname="tests.test_principal_apis.TestStudentObserverAssignment" name="test_get_unassigned_students" time="0.296" /><testcase classname="tests.test_principal_apis.TestStudentObserverAssignment" name="test_get_available_observers" time="0.308" /><testcase classname="tests.test_principal_apis.TestStudentObserverAssignment" name="test_assign_and_unassign_student" time="0.451" /><testcase classname="tests.test_principal_apis.TestObserverPerformance" name="test_get_observer_performance" time="0.296" /><testcase classname="tests.test_principal_apis.TestObserverPerformance" name="test_get_observer_details" time="0.354" /><testcase classname="tests.test_principal_apis.TestParentConsultations" name="test_get_consultations" time="0.297" /><testcase classname="tests.test_principal_apis.TestParentConsultations" name="test_get_consultation_requests" time="0.300" /><testcase classname="tests.test_principal_apis.TestParentConsultations" name="test_create_consultation" time="0.405" /><testcase classname="tests.test_principal_apis.TestPrincipalAnalytics" name="test_get_analytics" time="0.308" /></testsuite></testsuites>