<?xml version="1.0" encoding="utf-8"?><testsuites name="pytest tests"><testsuite name="pytest" errors="0" failures="0" skipped="0" tests="33" time="3.846" timestamp="2026-01-02T05:34:07.350757+00:00" hostname="agent-env-be00a38a-70ed-401a-b558-1fdd16a2ddeb"><testcase classname="tests.test_admin_apis.TestAdminAuth" name="test_admin_login_success" time="0.276" /><testcase classname="tests.test_admin_apis.TestAdminAuth" name="test_admin_login_invalid_credentials" time="0.035" /><testcase classname="tests.test_admin_apis.TestAdminAuth" name="test_admin_login_missing_fields" time="0.032" /><testcase classname="tests.test_admin_apis.TestDashboard" name="test_get_dashboard_stats" time="0.336" /><testcase classname="tests.test_admin_apis.TestDashboard" name="test_dashboard_stats_unauthorized" time="0.038" /><testcase classname="tests.test_admin_apis.TestStudentEnrollment" name="test_get_students" time="0.039" /><testcase classname="tests.test_admin_apis.TestStudentEnrollment" name="test_enroll_student" time="0.308" /><testcase classname="tests.test_admin_apis.TestUserManagement" name="test_get_principals" time="0.034" /><testcase classname="tests.test_admin_apis.TestUserManagement" name="test_get_observers" time="0.036" /><testcase classname="tests.test_admin_apis.TestUserManagement" name="test_get_parents" time="0.082" /><testcase classname="tests.test_admin_apis.TestUserManagement" name="test_create_principal" time="0.299" /><testcase classname="tests.test_admin_apis.TestUserManagement" name="test_create_observer" time="0.267" /><testcase classname="tests.test_admin_apis.TestSupportTickets" name="test_get_tickets" time="0.051" /><testcase classname="tests.test_admin_apis.TestSystemHealth" name="test_get_system_health" time="1.036" /><testcase classname="tests.test_admin_apis.TestSystemHealth" name="test_get_system_uptime" time="0.036" /><testcase classname="tests.test_admin_apis.TestAIGuardrails" name="test_get_ai_guardrails" time="0.034" /><testcase classname="tests.test_admin_apis.TestAIGuardrails" name="test_update_ai_guardrails" time="0.052" /><testcase classname="tests.test_admin_apis.TestSafetyEscalation" name="test_get_red_flags" time="0.039" /><testcase classname="tests.test_admin_apis.TestIncidents" name="test_get_incidents" time="0.037" /><testcase classname="tests.test_admin_apis.TestIncidents" name="test_create_incident" time="0.049" /><testcase classname="tests.test_admin_apis.TestDataPrivacy" name="test_get_privacy_settings" time="0.086" /><testcase classname="tests.test_admin_apis.TestDataPrivacy" name="test_get_data_requests" time="0.036" /><testcase classname="tests.test_admin_apis.TestAuditLogs" name="test_get_audit_logs" time="0.036" /><testcase classname="tests.test_admin_apis.TestAuditLogs" name="test_create_audit_log" time="0.043" /><testcase classname="tests.test_admin_apis.TestSchools" name="test_get_schools" time="0.038" /><testcase classname="tests.test_admin_apis.TestSchools" name="test_create_school" time="0.088" /><testcase classname="tests.test_admin_apis.TestBilling" name="test_get_subscriptions" time="0.033" /><testcase classname="tests.test_admin_apis.TestBilling" name="test_get_payments" time="0.039" /><testcase classname="tests.test_admin_apis.TestAISystem" name="test_get_ai_settings" time="0.076" /><testcase classname="tests.test_admin_apis.TestAISystem" name="test_update_ai_settings" time="0.036" /><testcase classname="tests.test_admin_apis.TestAnalytics" name="test_get_analytics_overview" time="0.037" /><testcase classname="tests.test_admin_apis.TestHelpFAQs" name="test_get_faqs" time="0.037" /><testcase classname="tests.test_admin_apis.TestHelpFAQs" name="test_create_faq" time="0.047" /></testsuite></testsuites>